# JRE version: OpenJDK Runtime Environment (17.0.10) (build 17.0.10+0--11609105)
# Java VM: OpenJDK 64-Bit Server VM (17.0.10+0--11609105, mixed mode, tiered, compressed oops, compressed class ptrs, g1 gc, windows-amd64)
GC Precious Log:
 CPUs: 8 total, 8 available
 Memory: 7887M
 Large Page Support: Disabled
 NUMA Support: Disabled
 Compressed Oops: Enabled (32-bit)
 Heap Region Size: 1M
 Heap Min Capacity: 8M
 Heap Initial Capacity: 124M
 Heap Max Capacity: 2G
 Pre-touch: Disabled
 Parallel Workers: 8
 Concurrent Workers: 2
 Concurrent Refinement Workers: 8
 Periodic GC: Disabled
Heap:
 garbage-first heap   total 423936K, used 94248K [0x0000000080000000, 0x0000000100000000)
  region size 1024K, 29 young (29696K), 15 survivors (15360K)
 Metaspace       used 60988K, committed 61504K, reserved 1114112K
  class space    used 8159K, committed 8384K, reserved 1048576K
GC Heap History (20 events):
Event: 9.280 GC heap after
{Heap after GC invocations=32 (full 0):
 garbage-first heap   total 261120K, used 65895K [0x0000000080000000, 0x0000000100000000)
  region size 1024K, 10 young (10240K), 10 survivors (10240K)
 Metaspace       used 52069K, committed 52544K, reserved 1114112K
  class space    used 7028K, committed 7232K, reserved 1048576K
}
Event: 9.582 GC heap before
{Heap before GC invocations=32 (full 0):
 garbage-first heap   total 261120K, used 212327K [0x0000000080000000, 0x0000000100000000)
  region size 1024K, 153 young (156672K), 10 survivors (10240K)
 Metaspace       used 52069K, committed 52544K, reserved 1114112K
  class space    used 7028K, committed 7232K, reserved 1048576K
}
Event: 9.590 GC heap after
{Heap after GC invocations=33 (full 0):
 garbage-first heap   total 261120K, used 66863K [0x0000000080000000, 0x0000000100000000)
  region size 1024K, 11 young (11264K), 11 survivors (11264K)
 Metaspace       used 52069K, committed 52544K, reserved 1114112K
  class space    used 7028K, committed 7232K, reserved 1048576K
}
Event: 9.868 GC heap before
{Heap before GC invocations=33 (full 0):
 garbage-first heap   total 261120K, used 212271K [0x0000000080000000, 0x0000000100000000)
  region size 1024K, 153 young (156672K), 11 survivors (11264K)
 Metaspace       used 52070K, committed 52544K, reserved 1114112K
  class space    used 7028K, committed 7232K, reserved 1048576K
}
Event: 9.877 GC heap after
{Heap after GC invocations=34 (full 0):
 garbage-first heap   total 261120K, used 68784K [0x0000000080000000, 0x0000000100000000)
  region size 1024K, 13 young (13312K), 13 survivors (13312K)
 Metaspace       used 52070K, committed 52544K, reserved 1114112K
  class space    used 7028K, committed 7232K, reserved 1048576K
}
Event: 10.153 GC heap before
{Heap before GC invocations=34 (full 0):
 garbage-first heap   total 261120K, used 212144K [0x0000000080000000, 0x0000000100000000)
  region size 1024K, 153 young (156672K), 13 survivors (13312K)
 Metaspace       used 52073K, committed 52544K, reserved 1114112K
  class space    used 7029K, committed 7232K, reserved 1048576K
}
Event: 10.162 GC heap after
{Heap after GC invocations=35 (full 0):
 garbage-first heap   total 423936K, used 70210K [0x0000000080000000, 0x0000000100000000)
  region size 1024K, 12 young (12288K), 12 survivors (12288K)
 Metaspace       used 52073K, committed 52544K, reserved 1114112K
  class space    used 7029K, committed 7232K, reserved 1048576K
}
Event: 10.834 GC heap before
{Heap before GC invocations=35 (full 0):
 garbage-first heap   total 423936K, used 311874K [0x0000000080000000, 0x0000000100000000)
  region size 1024K, 248 young (253952K), 12 survivors (12288K)
 Metaspace       used 52078K, committed 52544K, reserved 1114112K
  class space    used 7029K, committed 7232K, reserved 1048576K
}
Event: 10.844 GC heap after
{Heap after GC invocations=36 (full 0):
 garbage-first heap   total 423936K, used 72039K [0x0000000080000000, 0x0000000100000000)
  region size 1024K, 14 young (14336K), 14 survivors (14336K)
 Metaspace       used 52078K, committed 52544K, reserved 1114112K
  class space    used 7029K, committed 7232K, reserved 1048576K
}
Event: 12.584 GC heap before
{Heap before GC invocations=36 (full 0):
 garbage-first heap   total 423936K, used 316775K [0x0000000080000000, 0x0000000100000000)
  region size 1024K, 248 young (253952K), 14 survivors (14336K)
 Metaspace       used 52152K, committed 52608K, reserved 1114112K
  class space    used 7043K, committed 7232K, reserved 1048576K
}
Event: 12.586 GC heap after
{Heap after GC invocations=37 (full 0):
 garbage-first heap   total 423936K, used 60684K [0x0000000080000000, 0x0000000100000000)
  region size 1024K, 3 young (3072K), 3 survivors (3072K)
 Metaspace       used 52152K, committed 52608K, reserved 1114112K
  class space    used 7043K, committed 7232K, reserved 1048576K
}
Event: 12.977 GC heap before
{Heap before GC invocations=37 (full 0):
 garbage-first heap   total 423936K, used 311564K [0x0000000080000000, 0x0000000100000000)
  region size 1024K, 248 young (253952K), 3 survivors (3072K)
 Metaspace       used 52181K, committed 52608K, reserved 1114112K
  class space    used 7043K, committed 7232K, reserved 1048576K
}
Event: 12.981 GC heap after
{Heap after GC invocations=38 (full 0):
 garbage-first heap   total 423936K, used 65816K [0x0000000080000000, 0x0000000100000000)
  region size 1024K, 8 young (8192K), 8 survivors (8192K)
 Metaspace       used 52181K, committed 52608K, reserved 1114112K
  class space    used 7043K, committed 7232K, reserved 1048576K
}
Event: 14.223 GC heap before
{Heap before GC invocations=38 (full 0):
 garbage-first heap   total 423936K, used 318744K [0x0000000080000000, 0x0000000100000000)
  region size 1024K, 248 young (253952K), 8 survivors (8192K)
 Metaspace       used 55349K, committed 55808K, reserved 1114112K
  class space    used 7540K, committed 7744K, reserved 1048576K
}
Event: 14.233 GC heap after
{Heap after GC invocations=39 (full 0):
 garbage-first heap   total 423936K, used 68425K [0x0000000080000000, 0x0000000100000000)
  region size 1024K, 8 young (8192K), 8 survivors (8192K)
 Metaspace       used 55349K, committed 55808K, reserved 1114112K
  class space    used 7540K, committed 7744K, reserved 1048576K
}
Event: 16.115 GC heap before
{Heap before GC invocations=39 (full 0):
 garbage-first heap   total 423936K, used 320329K [0x0000000080000000, 0x0000000100000000)
  region size 1024K, 248 young (253952K), 8 survivors (8192K)
 Metaspace       used 60972K, committed 61504K, reserved 1114112K
  class space    used 8159K, committed 8384K, reserved 1048576K
}
Event: 16.127 GC heap after
{Heap after GC invocations=40 (full 0):
 garbage-first heap   total 423936K, used 79380K [0x0000000080000000, 0x0000000100000000)
  region size 1024K, 13 young (13312K), 13 survivors (13312K)
 Metaspace       used 60972K, committed 61504K, reserved 1114112K
  class space    used 8159K, committed 8384K, reserved 1048576K
}
Event: 16.626 GC heap before
{Heap before GC invocations=40 (full 0):
 garbage-first heap   total 423936K, used 320020K [0x0000000080000000, 0x0000000100000000)
  region size 1024K, 248 young (253952K), 13 survivors (13312K)
 Metaspace       used 60984K, committed 61504K, reserved 1114112K
  class space    used 8159K, committed 8384K, reserved 1048576K
}
Event: 16.636 GC heap after
{Heap after GC invocations=41 (full 0):
 garbage-first heap   total 423936K, used 80228K [0x0000000080000000, 0x0000000100000000)
  region size 1024K, 14 young (14336K), 14 survivors (14336K)
 Metaspace       used 60984K, committed 61504K, reserved 1114112K
  class space    used 8159K, committed 8384K, reserved 1048576K
}
Event: 17.166 GC heap before
{Heap before GC invocations=41 (full 0):
 garbage-first heap   total 423936K, used 319844K [0x0000000080000000, 0x0000000100000000)
  region size 1024K, 248 young (253952K), 14 survivors (14336K)
 Metaspace       used 60988K, committed 61504K, reserved 1114112K
  class space    used 8159K, committed 8384K, reserved 1048576K
}

