# JRE version: OpenJDK Runtime Environment (17.0.10) (build 17.0.10+0--11609105)
# Java VM: OpenJDK 64-Bit Server VM (17.0.10+0--11609105, mixed mode, tiered, compressed oops, compressed class ptrs, g1 gc, windows-amd64)
GC Precious Log:
 CPUs: 8 total, 8 available
 Memory: 7887M
 Large Page Support: Disabled
 NUMA Support: Disabled
 Compressed Oops: Enabled (32-bit)
 Heap Region Size: 1M
 Heap Min Capacity: 8M
 Heap Initial Capacity: 124M
 Heap Max Capacity: 2G
 Pre-touch: Disabled
 Parallel Workers: 8
 Concurrent Workers: 2
 Concurrent Refinement Workers: 8
 Periodic GC: Disabled
Heap:
 garbage-first heap   total 493568K, used 307420K [0x0000000080000000, 0x0000000100000000)
  region size 1024K, 8 young (8192K), 8 survivors (8192K)
 Metaspace       used 168313K, committed 169408K, reserved 1245184K
  class space    used 22650K, committed 23168K, reserved 1048576K
GC Heap History (20 events):
Event: 59.682 GC heap after
{Heap after GC invocations=50 (full 0):
 garbage-first heap   total 490496K, used 214228K [0x0000000080000000, 0x0000000100000000)
  region size 1024K, 6 young (6144K), 6 survivors (6144K)
 Metaspace       used 151433K, committed 152384K, reserved 1245184K
  class space    used 20818K, committed 21312K, reserved 1048576K
}
Event: 60.086 GC heap before
{Heap before GC invocations=50 (full 0):
 garbage-first heap   total 490496K, used 230612K [0x0000000080000000, 0x0000000100000000)
  region size 1024K, 23 young (23552K), 6 survivors (6144K)
 Metaspace       used 152114K, committed 153088K, reserved 1245184K
  class space    used 20997K, committed 21504K, reserved 1048576K
}
Event: 60.105 GC heap after
{Heap after GC invocations=51 (full 0):
 garbage-first heap   total 490496K, used 182120K [0x0000000080000000, 0x0000000100000000)
  region size 1024K, 3 young (3072K), 3 survivors (3072K)
 Metaspace       used 152114K, committed 153088K, reserved 1245184K
  class space    used 20997K, committed 21504K, reserved 1048576K
}
Event: 1496.034 GC heap before
{Heap before GC invocations=51 (full 0):
 garbage-first heap   total 490496K, used 377704K [0x0000000080000000, 0x0000000100000000)
  region size 1024K, 170 young (174080K), 3 survivors (3072K)
 Metaspace       used 160306K, committed 161280K, reserved 1245184K
  class space    used 21853K, committed 22336K, reserved 1048576K
}
Event: 1496.235 GC heap after
{Heap after GC invocations=52 (full 0):
 garbage-first heap   total 490496K, used 189121K [0x0000000080000000, 0x0000000100000000)
  region size 1024K, 10 young (10240K), 10 survivors (10240K)
 Metaspace       used 160306K, committed 161280K, reserved 1245184K
  class space    used 21853K, committed 22336K, reserved 1048576K
}
Event: 1498.566 GC heap before
{Heap before GC invocations=52 (full 0):
 garbage-first heap   total 490496K, used 270017K [0x0000000080000000, 0x0000000100000000)
  region size 1024K, 90 young (92160K), 10 survivors (10240K)
 Metaspace       used 160990K, committed 162048K, reserved 1245184K
  class space    used 21881K, committed 22400K, reserved 1048576K
}
Event: 1498.624 GC heap after
{Heap after GC invocations=53 (full 0):
 garbage-first heap   total 490496K, used 198936K [0x0000000080000000, 0x0000000100000000)
  region size 1024K, 17 young (17408K), 17 survivors (17408K)
 Metaspace       used 160990K, committed 162048K, reserved 1245184K
  class space    used 21881K, committed 22400K, reserved 1048576K
}
Event: 1501.062 GC heap before
{Heap before GC invocations=54 (full 0):
 garbage-first heap   total 490496K, used 326936K [0x0000000080000000, 0x0000000100000000)
  region size 1024K, 118 young (120832K), 17 survivors (17408K)
 Metaspace       used 164464K, committed 165440K, reserved 1245184K
  class space    used 22276K, committed 22784K, reserved 1048576K
}
Event: 1501.161 GC heap after
{Heap after GC invocations=55 (full 0):
 garbage-first heap   total 490496K, used 200953K [0x0000000080000000, 0x0000000100000000)
  region size 1024K, 6 young (6144K), 6 survivors (6144K)
 Metaspace       used 164464K, committed 165440K, reserved 1245184K
  class space    used 22276K, committed 22784K, reserved 1048576K
}
Event: 1501.706 GC heap before
{Heap before GC invocations=55 (full 0):
 garbage-first heap   total 490496K, used 217337K [0x0000000080000000, 0x0000000100000000)
  region size 1024K, 23 young (23552K), 6 survivors (6144K)
 Metaspace       used 165511K, committed 166592K, reserved 1245184K
  class space    used 22393K, committed 22912K, reserved 1048576K
}
Event: 1501.722 GC heap after
{Heap after GC invocations=56 (full 0):
 garbage-first heap   total 490496K, used 185707K [0x0000000080000000, 0x0000000100000000)
  region size 1024K, 3 young (3072K), 3 survivors (3072K)
 Metaspace       used 165511K, committed 166592K, reserved 1245184K
  class space    used 22393K, committed 22912K, reserved 1048576K
}
Event: 1507.306 GC heap before
{Heap before GC invocations=56 (full 0):
 garbage-first heap   total 490496K, used 370027K [0x0000000080000000, 0x0000000100000000)
  region size 1024K, 184 young (188416K), 3 survivors (3072K)
 Metaspace       used 167820K, committed 168896K, reserved 1245184K
  class space    used 22617K, committed 23168K, reserved 1048576K
}
Event: 1507.325 GC heap after
{Heap after GC invocations=57 (full 0):
 garbage-first heap   total 490496K, used 187418K [0x0000000080000000, 0x0000000100000000)
  region size 1024K, 5 young (5120K), 5 survivors (5120K)
 Metaspace       used 167820K, committed 168896K, reserved 1245184K
  class space    used 22617K, committed 23168K, reserved 1048576K
}
Event: 1523.368 GC heap before
{Heap before GC invocations=57 (full 0):
 garbage-first heap   total 490496K, used 267290K [0x0000000080000000, 0x0000000100000000)
  region size 1024K, 85 young (87040K), 5 survivors (5120K)
 Metaspace       used 168066K, committed 169152K, reserved 1245184K
  class space    used 22649K, committed 23168K, reserved 1048576K
}
Event: 1523.409 GC heap after
{Heap after GC invocations=58 (full 0):
 garbage-first heap   total 490496K, used 187867K [0x0000000080000000, 0x0000000100000000)
  region size 1024K, 5 young (5120K), 5 survivors (5120K)
 Metaspace       used 168066K, committed 169152K, reserved 1245184K
  class space    used 22649K, committed 23168K, reserved 1048576K
}
Event: 1538.129 GC heap before
{Heap before GC invocations=59 (full 0):
 garbage-first heap   total 490496K, used 398811K [0x0000000080000000, 0x0000000100000000)
  region size 1024K, 202 young (206848K), 5 survivors (5120K)
 Metaspace       used 168264K, committed 169280K, reserved 1245184K
  class space    used 22649K, committed 23168K, reserved 1048576K
}
Event: 1539.900 GC heap after
{Heap after GC invocations=60 (full 0):
 garbage-first heap   total 493568K, used 277899K [0x0000000080000000, 0x0000000100000000)
  region size 1024K, 26 young (26624K), 26 survivors (26624K)
 Metaspace       used 168264K, committed 169280K, reserved 1245184K
  class space    used 22649K, committed 23168K, reserved 1048576K
}
Event: 1539.951 GC heap before
{Heap before GC invocations=60 (full 0):
 garbage-first heap   total 493568K, used 278923K [0x0000000080000000, 0x0000000100000000)
  region size 1024K, 27 young (27648K), 26 survivors (26624K)
 Metaspace       used 168264K, committed 169280K, reserved 1245184K
  class space    used 22649K, committed 23168K, reserved 1048576K
}
Event: 1540.089 GC heap after
{Heap after GC invocations=61 (full 0):
 garbage-first heap   total 493568K, used 260240K [0x0000000080000000, 0x0000000100000000)
  region size 1024K, 2 young (2048K), 2 survivors (2048K)
 Metaspace       used 168264K, committed 169280K, reserved 1245184K
  class space    used 22649K, committed 23168K, reserved 1048576K
}
Event: 1541.531 GC heap before
{Heap before GC invocations=61 (full 0):
 garbage-first heap   total 493568K, used 317584K [0x0000000080000000, 0x0000000100000000)
  region size 1024K, 58 young (59392K), 2 survivors (2048K)
 Metaspace       used 168313K, committed 169408K, reserved 1245184K
  class space    used 22650K, committed 23168K, reserved 1048576K
}

