# JRE version: OpenJDK Runtime Environment (17.0.10) (build 17.0.10+0--11609105)
# Java VM: OpenJDK 64-Bit Server VM (17.0.10+0--11609105, mixed mode, tiered, compressed oops, compressed class ptrs, g1 gc, windows-amd64)
GC Precious Log:
 CPUs: 8 total, 8 available
 Memory: 7887M
 Large Page Support: Disabled
 NUMA Support: Disabled
 Compressed Oops: Enabled (32-bit)
 Heap Region Size: 1M
 Heap Min Capacity: 8M
 Heap Initial Capacity: 124M
 Heap Max Capacity: 2G
 Pre-touch: Disabled
 Parallel Workers: 8
 Concurrent Workers: 2
 Concurrent Refinement Workers: 8
 Periodic GC: Disabled
Heap:
 garbage-first heap   total 343040K, used 151241K [0x0000000080000000, 0x0000000100000000)
  region size 1024K, 5 young (5120K), 5 survivors (5120K)
 Metaspace       used 130118K, committed 131072K, reserved 1179648K
  class space    used 17125K, committed 17600K, reserved 1048576K
GC Heap History (20 events):
Event: 576.641 GC heap after
{Heap after GC invocations=52 (full 0):
 garbage-first heap   total 285696K, used 157030K [0x0000000080000000, 0x0000000100000000)
  region size 1024K, 11 young (11264K), 11 survivors (11264K)
 Metaspace       used 115903K, committed 116800K, reserved 1179648K
  class space    used 15560K, committed 16000K, reserved 1048576K
}
Event: 576.769 GC heap before
{Heap before GC invocations=52 (full 0):
 garbage-first heap   total 285696K, used 165222K [0x0000000080000000, 0x0000000100000000)
  region size 1024K, 21 young (21504K), 11 survivors (11264K)
 Metaspace       used 116088K, committed 116928K, reserved 1179648K
  class space    used 15585K, committed 16000K, reserved 1048576K
}
Event: 576.807 GC heap after
{Heap after GC invocations=53 (full 0):
 garbage-first heap   total 285696K, used 158753K [0x0000000080000000, 0x0000000100000000)
  region size 1024K, 2 young (2048K), 2 survivors (2048K)
 Metaspace       used 116088K, committed 116928K, reserved 1179648K
  class space    used 15585K, committed 16000K, reserved 1048576K
}
Event: 577.806 GC heap before
{Heap before GC invocations=54 (full 0):
 garbage-first heap   total 285696K, used 224289K [0x0000000080000000, 0x0000000100000000)
  region size 1024K, 76 young (77824K), 2 survivors (2048K)
 Metaspace       used 118033K, committed 118848K, reserved 1179648K
  class space    used 15791K, committed 16192K, reserved 1048576K
}
Event: 577.833 GC heap after
{Heap after GC invocations=55 (full 0):
 garbage-first heap   total 285696K, used 163785K [0x0000000080000000, 0x0000000100000000)
  region size 1024K, 10 young (10240K), 10 survivors (10240K)
 Metaspace       used 118033K, committed 118848K, reserved 1179648K
  class space    used 15791K, committed 16192K, reserved 1048576K
}
Event: 577.858 GC heap before
{Heap before GC invocations=55 (full 0):
 garbage-first heap   total 285696K, used 166857K [0x0000000080000000, 0x0000000100000000)
  region size 1024K, 13 young (13312K), 10 survivors (10240K)
 Metaspace       used 118033K, committed 118848K, reserved 1179648K
  class space    used 15791K, committed 16192K, reserved 1048576K
}
Event: 577.879 GC heap after
{Heap after GC invocations=56 (full 0):
 garbage-first heap   total 343040K, used 156475K [0x0000000080000000, 0x0000000100000000)
  region size 1024K, 2 young (2048K), 2 survivors (2048K)
 Metaspace       used 118033K, committed 118848K, reserved 1179648K
  class space    used 15791K, committed 16192K, reserved 1048576K
}
Event: 578.069 GC heap before
{Heap before GC invocations=56 (full 0):
 garbage-first heap   total 343040K, used 173883K [0x0000000080000000, 0x0000000100000000)
  region size 1024K, 21 young (21504K), 2 survivors (2048K)
 Metaspace       used 118094K, committed 118912K, reserved 1179648K
  class space    used 15793K, committed 16192K, reserved 1048576K
}
Event: 578.080 GC heap after
{Heap after GC invocations=57 (full 0):
 garbage-first heap   total 343040K, used 163872K [0x0000000080000000, 0x0000000100000000)
  region size 1024K, 9 young (9216K), 9 survivors (9216K)
 Metaspace       used 118094K, committed 118912K, reserved 1179648K
  class space    used 15793K, committed 16192K, reserved 1048576K
}
Event: 579.404 GC heap before
{Heap before GC invocations=58 (full 0):
 garbage-first heap   total 343040K, used 279584K [0x0000000080000000, 0x0000000100000000)
  region size 1024K, 100 young (102400K), 9 survivors (9216K)
 Metaspace       used 121764K, committed 122560K, reserved 1179648K
  class space    used 16157K, committed 16512K, reserved 1048576K
}
Event: 579.416 GC heap after
{Heap after GC invocations=59 (full 0):
 garbage-first heap   total 343040K, used 164689K [0x0000000080000000, 0x0000000100000000)
  region size 1024K, 10 young (10240K), 10 survivors (10240K)
 Metaspace       used 121764K, committed 122560K, reserved 1179648K
  class space    used 16157K, committed 16512K, reserved 1048576K
}
Event: 579.475 GC heap before
{Heap before GC invocations=59 (full 0):
 garbage-first heap   total 343040K, used 169809K [0x0000000080000000, 0x0000000100000000)
  region size 1024K, 16 young (16384K), 10 survivors (10240K)
 Metaspace       used 122280K, committed 123072K, reserved 1179648K
  class space    used 16203K, committed 16576K, reserved 1048576K
}
Event: 579.491 GC heap after
{Heap after GC invocations=60 (full 0):
 garbage-first heap   total 343040K, used 162915K [0x0000000080000000, 0x0000000100000000)
  region size 1024K, 2 young (2048K), 2 survivors (2048K)
 Metaspace       used 122280K, committed 123072K, reserved 1179648K
  class space    used 16203K, committed 16576K, reserved 1048576K
}
Event: 583.321 GC heap before
{Heap before GC invocations=60 (full 0):
 garbage-first heap   total 343040K, used 260195K [0x0000000080000000, 0x0000000100000000)
  region size 1024K, 98 young (100352K), 2 survivors (2048K)
 Metaspace       used 125125K, committed 126016K, reserved 1179648K
  class space    used 16509K, committed 16960K, reserved 1048576K
}
Event: 583.332 GC heap after
{Heap after GC invocations=61 (full 0):
 garbage-first heap   total 343040K, used 173684K [0x0000000080000000, 0x0000000100000000)
  region size 1024K, 13 young (13312K), 13 survivors (13312K)
 Metaspace       used 125125K, committed 126016K, reserved 1179648K
  class space    used 16509K, committed 16960K, reserved 1048576K
}
Event: 583.854 GC heap before
{Heap before GC invocations=62 (full 0):
 garbage-first heap   total 343040K, used 253457K [0x0000000080000000, 0x0000000100000000)
  region size 1024K, 103 young (105472K), 13 survivors (13312K)
 Metaspace       used 126221K, committed 127104K, reserved 1179648K
  class space    used 16617K, committed 17088K, reserved 1048576K
}
Event: 583.867 GC heap after
{Heap after GC invocations=63 (full 0):
 garbage-first heap   total 343040K, used 162446K [0x0000000080000000, 0x0000000100000000)
  region size 1024K, 4 young (4096K), 4 survivors (4096K)
 Metaspace       used 126221K, committed 127104K, reserved 1179648K
  class space    used 16617K, committed 17088K, reserved 1048576K
}
Event: 583.887 GC heap before
{Heap before GC invocations=63 (full 0):
 garbage-first heap   total 343040K, used 173710K [0x0000000080000000, 0x0000000100000000)
  region size 1024K, 16 young (16384K), 4 survivors (4096K)
 Metaspace       used 126224K, committed 127104K, reserved 1179648K
  class space    used 16617K, committed 17088K, reserved 1048576K
}
Event: 583.896 GC heap after
{Heap after GC invocations=64 (full 0):
 garbage-first heap   total 343040K, used 147488K [0x0000000080000000, 0x0000000100000000)
  region size 1024K, 1 young (1024K), 1 survivors (1024K)
 Metaspace       used 126224K, committed 127104K, reserved 1179648K
  class space    used 16617K, committed 17088K, reserved 1048576K
}
Event: 588.104 GC heap before
{Heap before GC invocations=64 (full 0):
 garbage-first heap   total 343040K, used 264224K [0x0000000080000000, 0x0000000100000000)
  region size 1024K, 116 young (118784K), 1 survivors (1024K)
 Metaspace       used 130118K, committed 131072K, reserved 1179648K
  class space    used 17125K, committed 17600K, reserved 1048576K
}

