# JRE version: OpenJDK Runtime Environment (17.0.10) (build 17.0.10+0--11609105)
# Java VM: OpenJDK 64-Bit Server VM (17.0.10+0--11609105, mixed mode, tiered, compressed oops, compressed class ptrs, g1 gc, windows-amd64)
GC Precious Log:
 CPUs: 8 total, 8 available
 Memory: 7887M
 Large Page Support: Disabled
 NUMA Support: Disabled
 Compressed Oops: Enabled (32-bit)
 Heap Region Size: 1M
 Heap Min Capacity: 8M
 Heap Initial Capacity: 124M
 Heap Max Capacity: 2G
 Pre-touch: Disabled
 Parallel Workers: 8
 Concurrent Workers: 2
 Concurrent Refinement Workers: 8
 Periodic GC: Disabled
Heap:
 garbage-first heap   total 317440K, used 188564K [0x0000000080000000, 0x0000000100000000)
  region size 1024K, 12 young (12288K), 3 survivors (3072K)
 Metaspace       used 129830K, committed 130752K, reserved 1179648K
  class space    used 17064K, committed 17536K, reserved 1048576K
GC Heap History (20 events):
Event: 69.584 GC heap before
{Heap before GC invocations=43 (full 0):
 garbage-first heap   total 262144K, used 215696K [0x0000000080000000, 0x0000000100000000)
  region size 1024K, 66 young (67584K), 6 survivors (6144K)
 Metaspace       used 118782K, committed 119616K, reserved 1179648K
  class space    used 15890K, committed 16320K, reserved 1048576K
}
Event: 69.593 GC heap after
{Heap after GC invocations=44 (full 0):
 garbage-first heap   total 262144K, used 156401K [0x0000000080000000, 0x0000000100000000)
  region size 1024K, 5 young (5120K), 5 survivors (5120K)
 Metaspace       used 118782K, committed 119616K, reserved 1179648K
  class space    used 15890K, committed 16320K, reserved 1048576K
}
Event: 70.378 GC heap before
{Heap before GC invocations=44 (full 0):
 garbage-first heap   total 262144K, used 218865K [0x0000000080000000, 0x0000000100000000)
  region size 1024K, 67 young (68608K), 5 survivors (5120K)
 Metaspace       used 119875K, committed 120704K, reserved 1179648K
  class space    used 15996K, committed 16384K, reserved 1048576K
}
Event: 70.389 GC heap after
{Heap after GC invocations=45 (full 0):
 garbage-first heap   total 262144K, used 157833K [0x0000000080000000, 0x0000000100000000)
  region size 1024K, 7 young (7168K), 7 survivors (7168K)
 Metaspace       used 119875K, committed 120704K, reserved 1179648K
  class space    used 15996K, committed 16384K, reserved 1048576K
}
Event: 70.720 GC heap before
{Heap before GC invocations=45 (full 0):
 garbage-first heap   total 262144K, used 220297K [0x0000000080000000, 0x0000000100000000)
  region size 1024K, 68 young (69632K), 7 survivors (7168K)
 Metaspace       used 119994K, committed 120832K, reserved 1179648K
  class space    used 16009K, committed 16384K, reserved 1048576K
}
Event: 70.729 GC heap after
{Heap after GC invocations=46 (full 0):
 garbage-first heap   total 262144K, used 159513K [0x0000000080000000, 0x0000000100000000)
  region size 1024K, 7 young (7168K), 7 survivors (7168K)
 Metaspace       used 119994K, committed 120832K, reserved 1179648K
  class space    used 16009K, committed 16384K, reserved 1048576K
}
Event: 71.800 GC heap before
{Heap before GC invocations=46 (full 0):
 garbage-first heap   total 262144K, used 219929K [0x0000000080000000, 0x0000000100000000)
  region size 1024K, 67 young (68608K), 7 survivors (7168K)
 Metaspace       used 120429K, committed 121280K, reserved 1179648K
  class space    used 16069K, committed 16512K, reserved 1048576K
}
Event: 71.810 GC heap after
{Heap after GC invocations=47 (full 0):
 garbage-first heap   total 262144K, used 161126K [0x0000000080000000, 0x0000000100000000)
  region size 1024K, 7 young (7168K), 7 survivors (7168K)
 Metaspace       used 120429K, committed 121280K, reserved 1179648K
  class space    used 16069K, committed 16512K, reserved 1048576K
}
Event: 73.572 GC heap before
{Heap before GC invocations=47 (full 0):
 garbage-first heap   total 262144K, used 218470K [0x0000000080000000, 0x0000000100000000)
  region size 1024K, 64 young (65536K), 7 survivors (7168K)
 Metaspace       used 123509K, committed 124352K, reserved 1179648K
  class space    used 16469K, committed 16896K, reserved 1048576K
}
Event: 73.588 GC heap after
{Heap after GC invocations=48 (full 0):
 garbage-first heap   total 262144K, used 160975K [0x0000000080000000, 0x0000000100000000)
  region size 1024K, 4 young (4096K), 4 survivors (4096K)
 Metaspace       used 123509K, committed 124352K, reserved 1179648K
  class space    used 16469K, committed 16896K, reserved 1048576K
}
Event: 80.991 GC heap before
{Heap before GC invocations=48 (full 0):
 garbage-first heap   total 262144K, used 219343K [0x0000000080000000, 0x0000000100000000)
  region size 1024K, 62 young (63488K), 4 survivors (4096K)
 Metaspace       used 129043K, committed 129920K, reserved 1179648K
  class space    used 17035K, committed 17472K, reserved 1048576K
}
Event: 81.000 GC heap after
{Heap after GC invocations=49 (full 0):
 garbage-first heap   total 262144K, used 161901K [0x0000000080000000, 0x0000000100000000)
  region size 1024K, 5 young (5120K), 5 survivors (5120K)
 Metaspace       used 129043K, committed 129920K, reserved 1179648K
  class space    used 17035K, committed 17472K, reserved 1048576K
}
Event: 83.358 GC heap before
{Heap before GC invocations=49 (full 0):
 garbage-first heap   total 262144K, used 222317K [0x0000000080000000, 0x0000000100000000)
  region size 1024K, 64 young (65536K), 5 survivors (5120K)
 Metaspace       used 129556K, committed 130432K, reserved 1179648K
  class space    used 17056K, committed 17472K, reserved 1048576K
}
Event: 83.379 GC heap after
{Heap after GC invocations=50 (full 0):
 garbage-first heap   total 262144K, used 169154K [0x0000000080000000, 0x0000000100000000)
  region size 1024K, 8 young (8192K), 8 survivors (8192K)
 Metaspace       used 129556K, committed 130432K, reserved 1179648K
  class space    used 17056K, committed 17472K, reserved 1048576K
}
Event: 84.558 GC heap before
{Heap before GC invocations=50 (full 0):
 garbage-first heap   total 262144K, used 219330K [0x0000000080000000, 0x0000000100000000)
  region size 1024K, 58 young (59392K), 8 survivors (8192K)
 Metaspace       used 129727K, committed 130560K, reserved 1179648K
  class space    used 17059K, committed 17472K, reserved 1048576K
}
Event: 84.585 GC heap after
{Heap after GC invocations=51 (full 0):
 garbage-first heap   total 262144K, used 174474K [0x0000000080000000, 0x0000000100000000)
  region size 1024K, 6 young (6144K), 6 survivors (6144K)
 Metaspace       used 129727K, committed 130560K, reserved 1179648K
  class space    used 17059K, committed 17472K, reserved 1048576K
}
Event: 87.603 GC heap before
{Heap before GC invocations=51 (full 0):
 garbage-first heap   total 262144K, used 220554K [0x0000000080000000, 0x0000000100000000)
  region size 1024K, 51 young (52224K), 6 survivors (6144K)
 Metaspace       used 129759K, committed 130624K, reserved 1179648K
  class space    used 17062K, committed 17472K, reserved 1048576K
}
Event: 87.647 GC heap after
{Heap after GC invocations=52 (full 0):
 garbage-first heap   total 262144K, used 201692K [0x0000000080000000, 0x0000000100000000)
  region size 1024K, 7 young (7168K), 7 survivors (7168K)
 Metaspace       used 129759K, committed 130624K, reserved 1179648K
  class space    used 17062K, committed 17472K, reserved 1048576K
}
Event: 88.023 GC heap before
{Heap before GC invocations=52 (full 0):
 garbage-first heap   total 262144K, used 218076K [0x0000000080000000, 0x0000000100000000)
  region size 1024K, 24 young (24576K), 7 survivors (7168K)
 Metaspace       used 129803K, committed 130624K, reserved 1179648K
  class space    used 17062K, committed 17472K, reserved 1048576K
}
Event: 88.043 GC heap after
{Heap after GC invocations=53 (full 0):
 garbage-first heap   total 262144K, used 200852K [0x0000000080000000, 0x0000000100000000)
  region size 1024K, 3 young (3072K), 3 survivors (3072K)
 Metaspace       used 129803K, committed 130624K, reserved 1179648K
  class space    used 17062K, committed 17472K, reserved 1048576K
}

